c:\users\k023g\onedrive\デスクトップ\2024_codefile\cg3\cg3\cg2-00-01\x64\release\main.obj
c:\users\k023g\onedrive\デスクトップ\2024_codefile\cg3\cg3\cg2-00-01\x64\release\imgui_demo.obj
c:\users\k023g\onedrive\デスクトップ\2024_codefile\cg3\cg3\cg2-00-01\x64\release\imgui_draw.obj
c:\users\k023g\onedrive\デスクトップ\2024_codefile\cg3\cg3\cg2-00-01\x64\release\imgui_widgets.obj
c:\users\k023g\onedrive\デスクトップ\2024_codefile\cg3\cg3\cg2-00-01\x64\release\imgui.obj
c:\users\k023g\onedrive\デスクトップ\2024_codefile\cg3\cg3\cg2-00-01\x64\release\imgui_tables.obj
c:\users\k023g\onedrive\デスクトップ\2024_codefile\cg3\cg3\cg2-00-01\x64\release\imgui_impl_win32.obj
c:\users\k023g\onedrive\デスクトップ\2024_codefile\cg3\cg3\cg2-00-01\x64\release\kmath.obj
c:\users\k023g\onedrive\デスクトップ\2024_codefile\cg3\cg3\cg2-00-01\x64\release\imgui_impl_dx12.obj
c:\users\k023g\onedrive\デスクトップ\2024_codefile\cg3\cg3\cg2-00-01\x64\release\vc143.pdb
c:\users\k023g\onedrive\デスクトップ\2024_codefile\cg3\cg3\x64\release\cg2-00-01.exe
c:\users\k023g\onedrive\デスクトップ\2024_codefile\cg3\cg3\x64\release\cg2-00-01.pdb
c:\users\k023g\onedrive\デスクトップ\2024_codefile\cg3\cg3\cg2-00-01\x64\release\cg2-00-01.ipdb
c:\users\k023g\onedrive\デスクトップ\2024_codefile\cg3\cg3\cg2-00-01\x64\release\cg2-00-01.iobj
c:\users\k023g\onedrive\デスクトップ\2024_codefile\cg3\cg3\cg2-00-01\x64\release\cg2-00-01.tlog\cl.10184.write.1.tlog
c:\users\k023g\onedrive\デスクトップ\2024_codefile\cg3\cg3\cg2-00-01\x64\release\cg2-00-01.tlog\cl.command.1.tlog
c:\users\k023g\onedrive\デスクトップ\2024_codefile\cg3\cg3\cg2-00-01\x64\release\cg2-00-01.tlog\cl.items.tlog
c:\users\k023g\onedrive\デスクトップ\2024_codefile\cg3\cg3\cg2-00-01\x64\release\cg2-00-01.tlog\cl.read.1.tlog
c:\users\k023g\onedrive\デスクトップ\2024_codefile\cg3\cg3\cg2-00-01\x64\release\cg2-00-01.tlog\fxc.command.1.tlog
c:\users\k023g\onedrive\デスクトップ\2024_codefile\cg3\cg3\cg2-00-01\x64\release\cg2-00-01.tlog\fxc.read.1.tlog
c:\users\k023g\onedrive\デスクトップ\2024_codefile\cg3\cg3\cg2-00-01\x64\release\cg2-00-01.tlog\link.command.1.tlog
c:\users\k023g\onedrive\デスクトップ\2024_codefile\cg3\cg3\cg2-00-01\x64\release\cg2-00-01.tlog\link.read.1.tlog
c:\users\k023g\onedrive\デスクトップ\2024_codefile\cg3\cg3\cg2-00-01\x64\release\cg2-00-01.tlog\link.secondary.1.tlog
c:\users\k023g\onedrive\デスクトップ\2024_codefile\cg3\cg3\cg2-00-01\x64\release\cg2-00-01.tlog\link.write.1.tlog
